<?xml version="1.0" encoding="UTF-8"?>
<!-- Generated by org.testng.reporters.JUnitXMLReporter -->
<testsuite ignored="0" hostname="Noha" failures="0" tests="3" name="Default test" time="12.177" errors="0" timestamp="2022-03-05T18:50:53 EET">
  <testcase classname="testPackage.TestCases" name="assertTheVideoTitlefor10thResultforSeleniumTutorial" time="2.105"/>
  <testcase classname="testPackage.TestCases" name="assertTheVideoTitleforSeleniumTutorial" time="0.006"/>
  <testcase classname="testPackage.TestCases" name="assertTheVideoTitleforTestAutomationTutorial" time="0.039"/>
</testsuite> <!-- Default test -->
